2024-12-28 11:38:37 | [34mINFO [0;39m | [1;33mmain[0;39m | [1;32mcom.springboot.keyan.KeyanApplication[0;39m | Starting KeyanApplication on dzy with PID 27012 (D:\javaprojectinfp\keyan-master\target\classes started by 34116 in D:\javaprojectinfp\keyan-master)
2024-12-28 11:38:37 | [34mINFO [0;39m | [1;33mmain[0;39m | [1;32mcom.springboot.keyan.KeyanApplication[0;39m | The following profiles are active: dev
2024-12-28 11:38:38 | [34mINFO [0;39m | [1;33mmain[0;39m | [1;32mcom.springboot.keyan.KeyanApplication[0;39m | Started KeyanApplication in 1.628 seconds (JVM running for 2.269)
2024-12-28 11:43:11 | [39mDEBUG[0;39m | [1;33mXNIO-2 task-2[0;39m | [1;32mcom.springboot.keyan.mapper.UserloginMapper.selectOne[0;39m | ==>  Preparing: SELECT userid,regtime,password,state,type,username FROM userlogin WHERE (username = ? AND password = ?) 
2024-12-28 11:43:11 | [39mDEBUG[0;39m | [1;33mXNIO-2 task-2[0;39m | [1;32mcom.springboot.keyan.mapper.UserloginMapper.selectOne[0;39m | ==> Parameters: 111(String), 123456(String)
2024-12-28 11:43:11 | [39mDEBUG[0;39m | [1;33mXNIO-2 task-2[0;39m | [1;32mcom.springboot.keyan.mapper.UserloginMapper.selectOne[0;39m | <==      Total: 1
2024-12-28 11:43:11 | [39mDEBUG[0;39m | [1;33mXNIO-2 task-4[0;39m | [1;32mcom.springboot.keyan.mapper.FeedbackMapper.getPageList[0;39m | ==>  Preparing: SELECT COUNT(1) FROM feedback ta LEFT JOIN userlogin ug ON ug.userid = ta.userid WHERE 1 = 1 
2024-12-28 11:43:11 | [39mDEBUG[0;39m | [1;33mXNIO-2 task-4[0;39m | [1;32mcom.springboot.keyan.mapper.FeedbackMapper.getPageList[0;39m | ==> Parameters: 
2024-12-28 11:43:11 | [39mDEBUG[0;39m | [1;33mXNIO-2 task-4[0;39m | [1;32mcom.springboot.keyan.mapper.FeedbackMapper.getPageList[0;39m | ==>  Preparing: select ta.*,ug.username from feedback ta LEFT JOIN userlogin ug on ug.userid=ta.userid where 1=1 LIMIT ?,? 
2024-12-28 11:43:11 | [39mDEBUG[0;39m | [1;33mXNIO-2 task-4[0;39m | [1;32mcom.springboot.keyan.mapper.FeedbackMapper.getPageList[0;39m | ==> Parameters: 0(Long), 10(Long)
2024-12-28 11:43:11 | [39mDEBUG[0;39m | [1;33mXNIO-2 task-4[0;39m | [1;32mcom.springboot.keyan.mapper.FeedbackMapper.getPageList[0;39m | <==      Total: 2
2024-12-28 11:43:15 | [39mDEBUG[0;39m | [1;33mXNIO-2 task-6[0;39m | [1;32mcom.springboot.keyan.mapper.UserloginMapper.selectById[0;39m | ==>  Preparing: SELECT userid,regtime,password,state,type,username FROM userlogin WHERE userid=? 
2024-12-28 11:43:15 | [39mDEBUG[0;39m | [1;33mXNIO-2 task-6[0;39m | [1;32mcom.springboot.keyan.mapper.UserloginMapper.selectById[0;39m | ==> Parameters: 7(Integer)
2024-12-28 11:43:15 | [39mDEBUG[0;39m | [1;33mXNIO-2 task-6[0;39m | [1;32mcom.springboot.keyan.mapper.UserloginMapper.selectById[0;39m | <==      Total: 1
2024-12-28 11:43:15 | [39mDEBUG[0;39m | [1;33mXNIO-2 task-6[0;39m | [1;32mcom.springboot.keyan.mapper.TeammemberMapper.selectOne[0;39m | ==>  Preparing: SELECT teamid,searchresults,searchinfo,phonenum,audituserid,opinion,meminfo,memname,searchdir,searchbg,state,updatetime,job,memid FROM teammember WHERE (memid = ?) 
2024-12-28 11:43:15 | [39mDEBUG[0;39m | [1;33mXNIO-2 task-6[0;39m | [1;32mcom.springboot.keyan.mapper.TeammemberMapper.selectOne[0;39m | ==> Parameters: 7(Integer)
2024-12-28 11:43:15 | [39mDEBUG[0;39m | [1;33mXNIO-2 task-6[0;39m | [1;32mcom.springboot.keyan.mapper.TeammemberMapper.selectOne[0;39m | <==      Total: 1
2024-12-28 11:43:16 | [39mDEBUG[0;39m | [1;33mXNIO-2 task-7[0;39m | [1;32mcom.springboot.keyan.mapper.FeedbackMapper.getPageList[0;39m | ==>  Preparing: SELECT COUNT(1) FROM feedback ta LEFT JOIN userlogin ug ON ug.userid = ta.userid WHERE 1 = 1 
2024-12-28 11:43:16 | [39mDEBUG[0;39m | [1;33mXNIO-2 task-7[0;39m | [1;32mcom.springboot.keyan.mapper.FeedbackMapper.getPageList[0;39m | ==> Parameters: 
2024-12-28 11:43:16 | [39mDEBUG[0;39m | [1;33mXNIO-2 task-7[0;39m | [1;32mcom.springboot.keyan.mapper.FeedbackMapper.getPageList[0;39m | ==>  Preparing: select ta.*,ug.username from feedback ta LEFT JOIN userlogin ug on ug.userid=ta.userid where 1=1 LIMIT ?,? 
2024-12-28 11:43:16 | [39mDEBUG[0;39m | [1;33mXNIO-2 task-7[0;39m | [1;32mcom.springboot.keyan.mapper.FeedbackMapper.getPageList[0;39m | ==> Parameters: 0(Long), 10(Long)
2024-12-28 11:43:16 | [39mDEBUG[0;39m | [1;33mXNIO-2 task-7[0;39m | [1;32mcom.springboot.keyan.mapper.FeedbackMapper.getPageList[0;39m | <==      Total: 2
