2024-12-27 12:43:48 | [34mINFO [0;39m | [1;33mmain[0;39m | [1;32mcom.springboot.keyan.KeyanApplication[0;39m | Starting KeyanApplication on dzy with PID 7400 (D:\javaprojectinfp\keyan-master\target\classes started by 34116 in D:\javaprojectinfp\keyan-master)
2024-12-27 12:43:48 | [34mINFO [0;39m | [1;33mmain[0;39m | [1;32mcom.springboot.keyan.KeyanApplication[0;39m | The following profiles are active: dev
2024-12-27 12:43:50 | [34mINFO [0;39m | [1;33mmain[0;39m | [1;32mcom.springboot.keyan.KeyanApplication[0;39m | Started KeyanApplication in 1.555 seconds (JVM running for 2.301)
2024-12-27 12:55:14 | [39mDEBUG[0;39m | [1;33mXNIO-2 task-2[0;39m | [1;32mcom.springboot.keyan.mapper.RegistrationMapper.selectList[0;39m | ==>  Preparing: SELECT regisuserid,password,reasons,stateans,appltime,state,audituserid,type,email,username FROM registration WHERE (username = ?) 
2024-12-27 12:55:14 | [39mDEBUG[0;39m | [1;33mXNIO-2 task-2[0;39m | [1;32mcom.springboot.keyan.mapper.RegistrationMapper.selectList[0;39m | ==> Parameters: 测试(String)
2024-12-27 12:55:14 | [39mDEBUG[0;39m | [1;33mXNIO-2 task-2[0;39m | [1;32mcom.springboot.keyan.mapper.RegistrationMapper.selectList[0;39m | <==      Total: 0
2024-12-27 12:55:14 | [39mDEBUG[0;39m | [1;33mXNIO-2 task-2[0;39m | [1;32mcom.springboot.keyan.mapper.RegistrationMapper.insert[0;39m | ==>  Preparing: INSERT INTO registration ( password, reasons, appltime, state, type, email, username ) VALUES ( ?, ?, ?, ?, ?, ?, ? ) 
2024-12-27 12:55:14 | [39mDEBUG[0;39m | [1;33mXNIO-2 task-2[0;39m | [1;32mcom.springboot.keyan.mapper.RegistrationMapper.insert[0;39m | ==> Parameters: 123456(String), 123(String), 2024-12-27 12:55:14.6(Timestamp), 1(Integer), 2(Integer), 222@qq.com(String), 测试(String)
2024-12-27 12:55:14 | [39mDEBUG[0;39m | [1;33mXNIO-2 task-2[0;39m | [1;32mcom.springboot.keyan.mapper.RegistrationMapper.insert[0;39m | <==    Updates: 1
2024-12-27 12:55:14 | [39mDEBUG[0;39m | [1;33mXNIO-2 task-2[0;39m | [1;32mcom.springboot.keyan.mapper.UserloginMapper.insert[0;39m | ==>  Preparing: INSERT INTO userlogin ( userid, regtime, password, state, type, username ) VALUES ( ?, ?, ?, ?, ?, ? ) 
2024-12-27 12:55:14 | [39mDEBUG[0;39m | [1;33mXNIO-2 task-2[0;39m | [1;32mcom.springboot.keyan.mapper.UserloginMapper.insert[0;39m | ==> Parameters: 4(Integer), 2024-12-27 12:55:14.61(Timestamp), 123456(String), 1(Integer), 2(Integer), 测试(String)
2024-12-27 12:55:14 | [39mDEBUG[0;39m | [1;33mXNIO-2 task-2[0;39m | [1;32mcom.springboot.keyan.mapper.UserloginMapper.insert[0;39m | <==    Updates: 1
2024-12-27 12:57:07 | [34mINFO [0;39m | [1;33mmain[0;39m | [1;32mcom.springboot.keyan.KeyanApplication[0;39m | Starting KeyanApplication on dzy with PID 25956 (D:\javaprojectinfp\keyan-master\target\classes started by 34116 in D:\javaprojectinfp\keyan-master)
2024-12-27 12:57:07 | [34mINFO [0;39m | [1;33mmain[0;39m | [1;32mcom.springboot.keyan.KeyanApplication[0;39m | The following profiles are active: dev
2024-12-27 12:57:08 | [34mINFO [0;39m | [1;33mmain[0;39m | [1;32mcom.springboot.keyan.KeyanApplication[0;39m | Started KeyanApplication in 1.604 seconds (JVM running for 2.268)
2024-12-27 12:57:13 | [39mDEBUG[0;39m | [1;33mXNIO-2 task-1[0;39m | [1;32mcom.springboot.keyan.mapper.RegistrationMapper.selectList[0;39m | ==>  Preparing: SELECT regisuserid,password,reasons,stateans,appltime,state,audituserid,type,email,username FROM registration WHERE (username = ?) 
2024-12-27 12:57:13 | [39mDEBUG[0;39m | [1;33mXNIO-2 task-1[0;39m | [1;32mcom.springboot.keyan.mapper.RegistrationMapper.selectList[0;39m | ==> Parameters: 测试(String)
2024-12-27 12:57:13 | [39mDEBUG[0;39m | [1;33mXNIO-2 task-1[0;39m | [1;32mcom.springboot.keyan.mapper.RegistrationMapper.selectList[0;39m | <==      Total: 0
2024-12-27 12:57:13 | [39mDEBUG[0;39m | [1;33mXNIO-2 task-1[0;39m | [1;32mcom.springboot.keyan.mapper.RegistrationMapper.insert[0;39m | ==>  Preparing: INSERT INTO registration ( password, reasons, appltime, state, type, email, username ) VALUES ( ?, ?, ?, ?, ?, ?, ? ) 
2024-12-27 12:57:13 | [39mDEBUG[0;39m | [1;33mXNIO-2 task-1[0;39m | [1;32mcom.springboot.keyan.mapper.RegistrationMapper.insert[0;39m | ==> Parameters: 123456(String), 123(String), 2024-12-27 12:57:13.673(Timestamp), 1(Integer), 2(Integer), 222@qq.com(String), 测试(String)
2024-12-27 12:57:13 | [39mDEBUG[0;39m | [1;33mXNIO-2 task-1[0;39m | [1;32mcom.springboot.keyan.mapper.RegistrationMapper.insert[0;39m | <==    Updates: 1
2024-12-27 12:57:13 | [39mDEBUG[0;39m | [1;33mXNIO-2 task-1[0;39m | [1;32mcom.springboot.keyan.mapper.UserloginMapper.insert[0;39m | ==>  Preparing: INSERT INTO userlogin ( userid, regtime, password, state, type, username ) VALUES ( ?, ?, ?, ?, ?, ? ) 
2024-12-27 12:57:13 | [39mDEBUG[0;39m | [1;33mXNIO-2 task-1[0;39m | [1;32mcom.springboot.keyan.mapper.UserloginMapper.insert[0;39m | ==> Parameters: 5(Integer), 2024-12-27 12:57:13.679(Timestamp), 123456(String), 1(Integer), 2(Integer), 测试(String)
2024-12-27 12:57:13 | [39mDEBUG[0;39m | [1;33mXNIO-2 task-1[0;39m | [1;32mcom.springboot.keyan.mapper.UserloginMapper.insert[0;39m | <==    Updates: 1
2024-12-27 12:57:13 | [39mDEBUG[0;39m | [1;33mXNIO-2 task-1[0;39m | [1;32mcom.springboot.keyan.mapper.TeammemberMapper.insert[0;39m | ==>  Preparing: INSERT INTO teammember ( memname, state, memid ) VALUES ( ?, ?, ? ) 
2024-12-27 12:57:13 | [39mDEBUG[0;39m | [1;33mXNIO-2 task-1[0;39m | [1;32mcom.springboot.keyan.mapper.TeammemberMapper.insert[0;39m | ==> Parameters: 测试(String), 1(Integer), 5(Integer)
2024-12-27 12:57:13 | [39mDEBUG[0;39m | [1;33mXNIO-2 task-1[0;39m | [1;32mcom.springboot.keyan.mapper.TeammemberMapper.insert[0;39m | <==    Updates: 1
2024-12-27 12:57:21 | [39mDEBUG[0;39m | [1;33mXNIO-2 task-2[0;39m | [1;32mcom.springboot.keyan.mapper.UserloginMapper.selectOne[0;39m | ==>  Preparing: SELECT userid,regtime,password,state,type,username FROM userlogin WHERE (username = ? AND password = ?) 
2024-12-27 12:57:21 | [39mDEBUG[0;39m | [1;33mXNIO-2 task-2[0;39m | [1;32mcom.springboot.keyan.mapper.UserloginMapper.selectOne[0;39m | ==> Parameters: 测试(String), 123456(String)
2024-12-27 12:57:21 | [39mDEBUG[0;39m | [1;33mXNIO-2 task-2[0;39m | [1;32mcom.springboot.keyan.mapper.UserloginMapper.selectOne[0;39m | <==      Total: 1
2024-12-27 12:57:21 | [39mDEBUG[0;39m | [1;33mXNIO-2 task-4[0;39m | [1;32mcom.springboot.keyan.mapper.FeedbackMapper.getPageList[0;39m | ==>  Preparing: SELECT COUNT(1) FROM feedback ta LEFT JOIN userlogin ug ON ug.userid = ta.userid WHERE 1 = 1 
2024-12-27 12:57:21 | [39mDEBUG[0;39m | [1;33mXNIO-2 task-4[0;39m | [1;32mcom.springboot.keyan.mapper.FeedbackMapper.getPageList[0;39m | ==> Parameters: 
2024-12-27 12:57:23 | [39mDEBUG[0;39m | [1;33mXNIO-2 task-6[0;39m | [1;32mcom.springboot.keyan.mapper.UserloginMapper.selectById[0;39m | ==>  Preparing: SELECT userid,regtime,password,state,type,username FROM userlogin WHERE userid=? 
2024-12-27 12:57:23 | [39mDEBUG[0;39m | [1;33mXNIO-2 task-6[0;39m | [1;32mcom.springboot.keyan.mapper.UserloginMapper.selectById[0;39m | ==> Parameters: 5(Integer)
2024-12-27 12:57:23 | [39mDEBUG[0;39m | [1;33mXNIO-2 task-6[0;39m | [1;32mcom.springboot.keyan.mapper.UserloginMapper.selectById[0;39m | <==      Total: 1
2024-12-27 12:57:23 | [39mDEBUG[0;39m | [1;33mXNIO-2 task-6[0;39m | [1;32mcom.springboot.keyan.mapper.TeammemberMapper.selectOne[0;39m | ==>  Preparing: SELECT teamid,searchresults,searchinfo,phonenum,audituserid,opinion,meminfo,memname,searchdir,searchbg,state,updatetime,job,memid FROM teammember WHERE (memid = ?) 
2024-12-27 12:57:23 | [39mDEBUG[0;39m | [1;33mXNIO-2 task-6[0;39m | [1;32mcom.springboot.keyan.mapper.TeammemberMapper.selectOne[0;39m | ==> Parameters: 5(Integer)
2024-12-27 12:57:23 | [39mDEBUG[0;39m | [1;33mXNIO-2 task-6[0;39m | [1;32mcom.springboot.keyan.mapper.TeammemberMapper.selectOne[0;39m | <==      Total: 1
2024-12-27 12:57:35 | [39mDEBUG[0;39m | [1;33mXNIO-2 task-8[0;39m | [1;32mcom.springboot.keyan.mapper.TeammemberMapper.updateById[0;39m | ==>  Preparing: UPDATE teammember SET searchresults=?, searchinfo=?, phonenum=?, meminfo=?, memname=?, searchdir=?, searchbg=?, updatetime=?, job=? WHERE teamid=? 
2024-12-27 12:57:35 | [39mDEBUG[0;39m | [1;33mXNIO-2 task-8[0;39m | [1;32mcom.springboot.keyan.mapper.TeammemberMapper.updateById[0;39m | ==> Parameters: 22(String), 22(String), 22(String), 22(String), 测试(String), 22(String), 22(String), 2024-12-27 12:57:35.545(Timestamp), 王五(String), 3(Integer)
2024-12-27 12:57:35 | [39mDEBUG[0;39m | [1;33mXNIO-2 task-8[0;39m | [1;32mcom.springboot.keyan.mapper.TeammemberMapper.updateById[0;39m | <==    Updates: 1
2024-12-27 12:57:35 | [39mDEBUG[0;39m | [1;33mXNIO-2 task-10[0;39m | [1;32mcom.springboot.keyan.mapper.UserloginMapper.selectById[0;39m | ==>  Preparing: SELECT userid,regtime,password,state,type,username FROM userlogin WHERE userid=? 
2024-12-27 12:57:35 | [39mDEBUG[0;39m | [1;33mXNIO-2 task-10[0;39m | [1;32mcom.springboot.keyan.mapper.UserloginMapper.selectById[0;39m | ==> Parameters: 5(Integer)
2024-12-27 12:57:35 | [39mDEBUG[0;39m | [1;33mXNIO-2 task-10[0;39m | [1;32mcom.springboot.keyan.mapper.UserloginMapper.selectById[0;39m | <==      Total: 1
2024-12-27 12:57:35 | [39mDEBUG[0;39m | [1;33mXNIO-2 task-10[0;39m | [1;32mcom.springboot.keyan.mapper.TeammemberMapper.selectOne[0;39m | ==>  Preparing: SELECT teamid,searchresults,searchinfo,phonenum,audituserid,opinion,meminfo,memname,searchdir,searchbg,state,updatetime,job,memid FROM teammember WHERE (memid = ?) 
2024-12-27 12:57:35 | [39mDEBUG[0;39m | [1;33mXNIO-2 task-10[0;39m | [1;32mcom.springboot.keyan.mapper.TeammemberMapper.selectOne[0;39m | ==> Parameters: 5(Integer)
2024-12-27 12:57:35 | [39mDEBUG[0;39m | [1;33mXNIO-2 task-10[0;39m | [1;32mcom.springboot.keyan.mapper.TeammemberMapper.selectOne[0;39m | <==      Total: 1
2024-12-27 12:58:28 | [34mINFO [0;39m | [1;33mmain[0;39m | [1;32mcom.springboot.keyan.KeyanApplication[0;39m | Starting KeyanApplication on dzy with PID 29620 (D:\javaprojectinfp\keyan-master\target\classes started by 34116 in D:\javaprojectinfp\keyan-master)
2024-12-27 12:58:28 | [34mINFO [0;39m | [1;33mmain[0;39m | [1;32mcom.springboot.keyan.KeyanApplication[0;39m | The following profiles are active: dev
2024-12-27 12:58:29 | [34mINFO [0;39m | [1;33mmain[0;39m | [1;32mcom.springboot.keyan.KeyanApplication[0;39m | Started KeyanApplication in 1.623 seconds (JVM running for 2.321)
2024-12-27 12:59:06 | [39mDEBUG[0;39m | [1;33mXNIO-2 task-3[0;39m | [1;32mcom.springboot.keyan.mapper.RegistrationMapper.selectList[0;39m | ==>  Preparing: SELECT regisuserid,password,reasons,stateans,appltime,state,audituserid,type,email,username FROM registration WHERE (username = ?) 
2024-12-27 12:59:06 | [39mDEBUG[0;39m | [1;33mXNIO-2 task-3[0;39m | [1;32mcom.springboot.keyan.mapper.RegistrationMapper.selectList[0;39m | ==> Parameters: 测试(String)
2024-12-27 12:59:06 | [39mDEBUG[0;39m | [1;33mXNIO-2 task-3[0;39m | [1;32mcom.springboot.keyan.mapper.RegistrationMapper.selectList[0;39m | <==      Total: 0
2024-12-27 12:59:06 | [39mDEBUG[0;39m | [1;33mXNIO-2 task-3[0;39m | [1;32mcom.springboot.keyan.mapper.RegistrationMapper.insert[0;39m | ==>  Preparing: INSERT INTO registration ( password, reasons, appltime, state, type, email, username ) VALUES ( ?, ?, ?, ?, ?, ?, ? ) 
2024-12-27 12:59:06 | [39mDEBUG[0;39m | [1;33mXNIO-2 task-3[0;39m | [1;32mcom.springboot.keyan.mapper.RegistrationMapper.insert[0;39m | ==> Parameters: 123456(String), 123123(String), 2024-12-27 12:59:06.442(Timestamp), 1(Integer), 2(Integer), 222@qq.com(String), 测试(String)
2024-12-27 12:59:06 | [39mDEBUG[0;39m | [1;33mXNIO-2 task-3[0;39m | [1;32mcom.springboot.keyan.mapper.RegistrationMapper.insert[0;39m | <==    Updates: 1
2024-12-27 12:59:06 | [39mDEBUG[0;39m | [1;33mXNIO-2 task-3[0;39m | [1;32mcom.springboot.keyan.mapper.UserloginMapper.insert[0;39m | ==>  Preparing: INSERT INTO userlogin ( userid, regtime, password, state, type, username ) VALUES ( ?, ?, ?, ?, ?, ? ) 
2024-12-27 12:59:06 | [39mDEBUG[0;39m | [1;33mXNIO-2 task-3[0;39m | [1;32mcom.springboot.keyan.mapper.UserloginMapper.insert[0;39m | ==> Parameters: 6(Integer), 2024-12-27 12:59:06.455(Timestamp), 123456(String), 1(Integer), 2(Integer), 测试(String)
2024-12-27 12:59:06 | [39mDEBUG[0;39m | [1;33mXNIO-2 task-3[0;39m | [1;32mcom.springboot.keyan.mapper.UserloginMapper.insert[0;39m | <==    Updates: 1
2024-12-27 12:59:06 | [39mDEBUG[0;39m | [1;33mXNIO-2 task-3[0;39m | [1;32mcom.springboot.keyan.mapper.TeammemberMapper.insert[0;39m | ==>  Preparing: INSERT INTO teammember ( memname, state, memid ) VALUES ( ?, ?, ? ) 
2024-12-27 12:59:06 | [39mDEBUG[0;39m | [1;33mXNIO-2 task-3[0;39m | [1;32mcom.springboot.keyan.mapper.TeammemberMapper.insert[0;39m | ==> Parameters: 测试(String), 1(Integer), 6(Integer)
2024-12-27 12:59:06 | [39mDEBUG[0;39m | [1;33mXNIO-2 task-3[0;39m | [1;32mcom.springboot.keyan.mapper.TeammemberMapper.insert[0;39m | <==    Updates: 1
2024-12-27 12:59:14 | [39mDEBUG[0;39m | [1;33mXNIO-2 task-4[0;39m | [1;32mcom.springboot.keyan.mapper.UserloginMapper.selectOne[0;39m | ==>  Preparing: SELECT userid,regtime,password,state,type,username FROM userlogin WHERE (username = ? AND password = ?) 
2024-12-27 12:59:14 | [39mDEBUG[0;39m | [1;33mXNIO-2 task-4[0;39m | [1;32mcom.springboot.keyan.mapper.UserloginMapper.selectOne[0;39m | ==> Parameters: 测试(String), 123456(String)
2024-12-27 12:59:14 | [39mDEBUG[0;39m | [1;33mXNIO-2 task-4[0;39m | [1;32mcom.springboot.keyan.mapper.UserloginMapper.selectOne[0;39m | <==      Total: 1
2024-12-27 12:59:14 | [39mDEBUG[0;39m | [1;33mXNIO-2 task-6[0;39m | [1;32mcom.springboot.keyan.mapper.FeedbackMapper.getPageList[0;39m | ==>  Preparing: SELECT COUNT(1) FROM feedback ta LEFT JOIN userlogin ug ON ug.userid = ta.userid WHERE 1 = 1 
2024-12-27 12:59:14 | [39mDEBUG[0;39m | [1;33mXNIO-2 task-6[0;39m | [1;32mcom.springboot.keyan.mapper.FeedbackMapper.getPageList[0;39m | ==> Parameters: 
2024-12-27 12:59:16 | [39mDEBUG[0;39m | [1;33mXNIO-2 task-8[0;39m | [1;32mcom.springboot.keyan.mapper.UserloginMapper.selectById[0;39m | ==>  Preparing: SELECT userid,regtime,password,state,type,username FROM userlogin WHERE userid=? 
2024-12-27 12:59:16 | [39mDEBUG[0;39m | [1;33mXNIO-2 task-8[0;39m | [1;32mcom.springboot.keyan.mapper.UserloginMapper.selectById[0;39m | ==> Parameters: 6(Integer)
2024-12-27 12:59:16 | [39mDEBUG[0;39m | [1;33mXNIO-2 task-8[0;39m | [1;32mcom.springboot.keyan.mapper.UserloginMapper.selectById[0;39m | <==      Total: 1
2024-12-27 12:59:16 | [39mDEBUG[0;39m | [1;33mXNIO-2 task-8[0;39m | [1;32mcom.springboot.keyan.mapper.TeammemberMapper.selectOne[0;39m | ==>  Preparing: SELECT teamid,searchresults,searchinfo,phonenum,audituserid,opinion,meminfo,memname,searchdir,searchbg,state,updatetime,job,memid FROM teammember WHERE (memid = ?) 
2024-12-27 12:59:16 | [39mDEBUG[0;39m | [1;33mXNIO-2 task-8[0;39m | [1;32mcom.springboot.keyan.mapper.TeammemberMapper.selectOne[0;39m | ==> Parameters: 6(Integer)
2024-12-27 12:59:16 | [39mDEBUG[0;39m | [1;33mXNIO-2 task-8[0;39m | [1;32mcom.springboot.keyan.mapper.TeammemberMapper.selectOne[0;39m | <==      Total: 1
2024-12-27 12:59:24 | [39mDEBUG[0;39m | [1;33mXNIO-2 task-10[0;39m | [1;32mcom.springboot.keyan.mapper.TeammemberMapper.updateById[0;39m | ==>  Preparing: UPDATE teammember SET searchresults=?, searchinfo=?, phonenum=?, meminfo=?, memname=?, searchdir=?, searchbg=?, updatetime=?, job=? WHERE teamid=? 
2024-12-27 12:59:24 | [39mDEBUG[0;39m | [1;33mXNIO-2 task-10[0;39m | [1;32mcom.springboot.keyan.mapper.TeammemberMapper.updateById[0;39m | ==> Parameters: 12312(String), 2312(String), 31231(String), 12312(String), 测试(String), 231(String), 23123(String), 2024-12-27 12:59:24.64(Timestamp), 123123(String), 4(Integer)
2024-12-27 12:59:24 | [39mDEBUG[0;39m | [1;33mXNIO-2 task-10[0;39m | [1;32mcom.springboot.keyan.mapper.TeammemberMapper.updateById[0;39m | <==    Updates: 1
2024-12-27 12:59:24 | [39mDEBUG[0;39m | [1;33mXNIO-2 task-12[0;39m | [1;32mcom.springboot.keyan.mapper.UserloginMapper.selectById[0;39m | ==>  Preparing: SELECT userid,regtime,password,state,type,username FROM userlogin WHERE userid=? 
2024-12-27 12:59:24 | [39mDEBUG[0;39m | [1;33mXNIO-2 task-12[0;39m | [1;32mcom.springboot.keyan.mapper.UserloginMapper.selectById[0;39m | ==> Parameters: 6(Integer)
2024-12-27 12:59:24 | [39mDEBUG[0;39m | [1;33mXNIO-2 task-12[0;39m | [1;32mcom.springboot.keyan.mapper.UserloginMapper.selectById[0;39m | <==      Total: 1
2024-12-27 12:59:24 | [39mDEBUG[0;39m | [1;33mXNIO-2 task-12[0;39m | [1;32mcom.springboot.keyan.mapper.TeammemberMapper.selectOne[0;39m | ==>  Preparing: SELECT teamid,searchresults,searchinfo,phonenum,audituserid,opinion,meminfo,memname,searchdir,searchbg,state,updatetime,job,memid FROM teammember WHERE (memid = ?) 
2024-12-27 12:59:24 | [39mDEBUG[0;39m | [1;33mXNIO-2 task-12[0;39m | [1;32mcom.springboot.keyan.mapper.TeammemberMapper.selectOne[0;39m | ==> Parameters: 6(Integer)
2024-12-27 12:59:24 | [39mDEBUG[0;39m | [1;33mXNIO-2 task-12[0;39m | [1;32mcom.springboot.keyan.mapper.TeammemberMapper.selectOne[0;39m | <==      Total: 1
2024-12-27 12:59:28 | [39mDEBUG[0;39m | [1;33mXNIO-2 task-14[0;39m | [1;32mcom.springboot.keyan.mapper.FeedbackMapper.getPageList[0;39m | ==>  Preparing: SELECT COUNT(1) FROM feedback ta LEFT JOIN userlogin ug ON ug.userid = ta.userid WHERE 1 = 1 
2024-12-27 12:59:28 | [39mDEBUG[0;39m | [1;33mXNIO-2 task-14[0;39m | [1;32mcom.springboot.keyan.mapper.FeedbackMapper.getPageList[0;39m | ==> Parameters: 
2024-12-27 12:59:34 | [39mDEBUG[0;39m | [1;33mXNIO-2 task-16[0;39m | [1;32mcom.springboot.keyan.mapper.FeedbackMapper.insert[0;39m | ==>  Preparing: INSERT INTO feedback ( quetime, quecontent, state, quetitle, userid ) VALUES ( ?, ?, ?, ?, ? ) 
2024-12-27 12:59:34 | [39mDEBUG[0;39m | [1;33mXNIO-2 task-16[0;39m | [1;32mcom.springboot.keyan.mapper.FeedbackMapper.insert[0;39m | ==> Parameters: 2024-12-27 12:59:34.075(Timestamp), 123123(String), 1(Integer), 测试(String), 6(Integer)
2024-12-27 12:59:34 | [39mDEBUG[0;39m | [1;33mXNIO-2 task-16[0;39m | [1;32mcom.springboot.keyan.mapper.FeedbackMapper.insert[0;39m | <==    Updates: 1
2024-12-27 12:59:34 | [39mDEBUG[0;39m | [1;33mXNIO-2 task-18[0;39m | [1;32mcom.springboot.keyan.mapper.FeedbackMapper.getPageList[0;39m | ==>  Preparing: SELECT COUNT(1) FROM feedback ta LEFT JOIN userlogin ug ON ug.userid = ta.userid WHERE 1 = 1 
2024-12-27 12:59:34 | [39mDEBUG[0;39m | [1;33mXNIO-2 task-18[0;39m | [1;32mcom.springboot.keyan.mapper.FeedbackMapper.getPageList[0;39m | ==> Parameters: 
2024-12-27 12:59:34 | [39mDEBUG[0;39m | [1;33mXNIO-2 task-18[0;39m | [1;32mcom.springboot.keyan.mapper.FeedbackMapper.getPageList[0;39m | ==>  Preparing: select ta.*,ug.username from feedback ta LEFT JOIN userlogin ug on ug.userid=ta.userid where 1=1 LIMIT ?,? 
2024-12-27 12:59:34 | [39mDEBUG[0;39m | [1;33mXNIO-2 task-18[0;39m | [1;32mcom.springboot.keyan.mapper.FeedbackMapper.getPageList[0;39m | ==> Parameters: 0(Long), 10(Long)
2024-12-27 12:59:34 | [39mDEBUG[0;39m | [1;33mXNIO-2 task-18[0;39m | [1;32mcom.springboot.keyan.mapper.FeedbackMapper.getPageList[0;39m | <==      Total: 1
2024-12-27 12:59:41 | [39mDEBUG[0;39m | [1;33mXNIO-2 task-20[0;39m | [1;32mcom.springboot.keyan.mapper.FeedbackMapper.updateById[0;39m | ==>  Preparing: UPDATE feedback SET replytime=?, state=?, reply=? WHERE feedbackid=? 
2024-12-27 12:59:41 | [39mDEBUG[0;39m | [1;33mXNIO-2 task-20[0;39m | [1;32mcom.springboot.keyan.mapper.FeedbackMapper.updateById[0;39m | ==> Parameters: 2024-12-27 12:59:41.576(Timestamp), 2(Integer), 阿达(String), 3(Integer)
2024-12-27 12:59:41 | [39mDEBUG[0;39m | [1;33mXNIO-2 task-20[0;39m | [1;32mcom.springboot.keyan.mapper.FeedbackMapper.updateById[0;39m | <==    Updates: 1
2024-12-27 12:59:41 | [39mDEBUG[0;39m | [1;33mXNIO-2 task-22[0;39m | [1;32mcom.springboot.keyan.mapper.FeedbackMapper.getPageList[0;39m | ==>  Preparing: SELECT COUNT(1) FROM feedback ta LEFT JOIN userlogin ug ON ug.userid = ta.userid WHERE 1 = 1 
2024-12-27 12:59:41 | [39mDEBUG[0;39m | [1;33mXNIO-2 task-22[0;39m | [1;32mcom.springboot.keyan.mapper.FeedbackMapper.getPageList[0;39m | ==> Parameters: 
2024-12-27 12:59:41 | [39mDEBUG[0;39m | [1;33mXNIO-2 task-22[0;39m | [1;32mcom.springboot.keyan.mapper.FeedbackMapper.getPageList[0;39m | ==>  Preparing: select ta.*,ug.username from feedback ta LEFT JOIN userlogin ug on ug.userid=ta.userid where 1=1 LIMIT ?,? 
2024-12-27 12:59:41 | [39mDEBUG[0;39m | [1;33mXNIO-2 task-22[0;39m | [1;32mcom.springboot.keyan.mapper.FeedbackMapper.getPageList[0;39m | ==> Parameters: 0(Long), 10(Long)
2024-12-27 12:59:41 | [39mDEBUG[0;39m | [1;33mXNIO-2 task-22[0;39m | [1;32mcom.springboot.keyan.mapper.FeedbackMapper.getPageList[0;39m | <==      Total: 1
