2024-12-28 15:54:43 | [39mDEBUG[0;39m | [1;33mXNIO-2 task-16[0;39m | [1;32mcom.springboot.keyan.mapper.UserloginMapper.selectOne[0;39m | ==>  Preparing: SELECT userid,regtime,password,state,type,username FROM userlogin WHERE (username = ? AND password = ?) 
2024-12-28 15:54:43 | [39mDEBUG[0;39m | [1;33mXNIO-2 task-16[0;39m | [1;32mcom.springboot.keyan.mapper.UserloginMapper.selectOne[0;39m | ==> Parameters: 111(String), 122456(String)
2024-12-28 15:54:43 | [39mDEBUG[0;39m | [1;33mXNIO-2 task-16[0;39m | [1;32mcom.springboot.keyan.mapper.UserloginMapper.selectOne[0;39m | <==      Total: 0
2024-12-28 15:54:51 | [39mDEBUG[0;39m | [1;33mXNIO-2 task-17[0;39m | [1;32mcom.springboot.keyan.mapper.UserloginMapper.selectOne[0;39m | ==>  Preparing: SELECT userid,regtime,password,state,type,username FROM userlogin WHERE (username = ? AND password = ?) 
2024-12-28 15:54:51 | [39mDEBUG[0;39m | [1;33mXNIO-2 task-17[0;39m | [1;32mcom.springboot.keyan.mapper.UserloginMapper.selectOne[0;39m | ==> Parameters: 11(String), 123456(String)
2024-12-28 15:54:51 | [39mDEBUG[0;39m | [1;33mXNIO-2 task-17[0;39m | [1;32mcom.springboot.keyan.mapper.UserloginMapper.selectOne[0;39m | <==      Total: 0
2024-12-28 15:55:09 | [39mDEBUG[0;39m | [1;33mXNIO-2 task-18[0;39m | [1;32mcom.springboot.keyan.mapper.UserloginMapper.selectOne[0;39m | ==>  Preparing: SELECT userid,regtime,password,state,type,username FROM userlogin WHERE (username = ? AND password = ?) 
2024-12-28 15:55:09 | [39mDEBUG[0;39m | [1;33mXNIO-2 task-18[0;39m | [1;32mcom.springboot.keyan.mapper.UserloginMapper.selectOne[0;39m | ==> Parameters: 111(String), 123456(String)
2024-12-28 15:55:09 | [39mDEBUG[0;39m | [1;33mXNIO-2 task-18[0;39m | [1;32mcom.springboot.keyan.mapper.UserloginMapper.selectOne[0;39m | <==      Total: 1
2024-12-28 15:55:09 | [39mDEBUG[0;39m | [1;33mXNIO-2 task-20[0;39m | [1;32mcom.springboot.keyan.mapper.FeedbackMapper.getPageList[0;39m | ==>  Preparing: SELECT COUNT(1) FROM feedback ta LEFT JOIN userlogin ug ON ug.userid = ta.userid WHERE 1 = 1 
2024-12-28 15:55:09 | [39mDEBUG[0;39m | [1;33mXNIO-2 task-20[0;39m | [1;32mcom.springboot.keyan.mapper.FeedbackMapper.getPageList[0;39m | ==> Parameters: 
2024-12-28 15:55:09 | [39mDEBUG[0;39m | [1;33mXNIO-2 task-20[0;39m | [1;32mcom.springboot.keyan.mapper.FeedbackMapper.getPageList[0;39m | ==>  Preparing: select ta.*,ug.username from feedback ta LEFT JOIN userlogin ug on ug.userid=ta.userid where 1=1 LIMIT ?,? 
2024-12-28 15:55:09 | [39mDEBUG[0;39m | [1;33mXNIO-2 task-20[0;39m | [1;32mcom.springboot.keyan.mapper.FeedbackMapper.getPageList[0;39m | ==> Parameters: 0(Long), 10(Long)
2024-12-28 15:55:09 | [39mDEBUG[0;39m | [1;33mXNIO-2 task-20[0;39m | [1;32mcom.springboot.keyan.mapper.FeedbackMapper.getPageList[0;39m | <==      Total: 3
2024-12-28 15:55:11 | [39mDEBUG[0;39m | [1;33mXNIO-2 task-22[0;39m | [1;32mcom.springboot.keyan.mapper.UserloginMapper.selectById[0;39m | ==>  Preparing: SELECT userid,regtime,password,state,type,username FROM userlogin WHERE userid=? 
2024-12-28 15:55:11 | [39mDEBUG[0;39m | [1;33mXNIO-2 task-22[0;39m | [1;32mcom.springboot.keyan.mapper.UserloginMapper.selectById[0;39m | ==> Parameters: 7(Integer)
2024-12-28 15:55:11 | [39mDEBUG[0;39m | [1;33mXNIO-2 task-22[0;39m | [1;32mcom.springboot.keyan.mapper.UserloginMapper.selectById[0;39m | <==      Total: 1
2024-12-28 15:55:11 | [39mDEBUG[0;39m | [1;33mXNIO-2 task-22[0;39m | [1;32mcom.springboot.keyan.mapper.TeammemberMapper.selectOne[0;39m | ==>  Preparing: SELECT teamid,searchresults,searchinfo,phonenum,audituserid,opinion,meminfo,memname,searchdir,searchbg,state,updatetime,job,memid FROM teammember WHERE (memid = ?) 
2024-12-28 15:55:11 | [39mDEBUG[0;39m | [1;33mXNIO-2 task-22[0;39m | [1;32mcom.springboot.keyan.mapper.TeammemberMapper.selectOne[0;39m | ==> Parameters: 7(Integer)
2024-12-28 15:55:11 | [39mDEBUG[0;39m | [1;33mXNIO-2 task-22[0;39m | [1;32mcom.springboot.keyan.mapper.TeammemberMapper.selectOne[0;39m | <==      Total: 1
2024-12-28 15:55:27 | [39mDEBUG[0;39m | [1;33mXNIO-2 task-24[0;39m | [1;32mcom.springboot.keyan.mapper.FeedbackMapper.getPageList[0;39m | ==>  Preparing: SELECT COUNT(1) FROM feedback ta LEFT JOIN userlogin ug ON ug.userid = ta.userid WHERE 1 = 1 
2024-12-28 15:55:27 | [39mDEBUG[0;39m | [1;33mXNIO-2 task-24[0;39m | [1;32mcom.springboot.keyan.mapper.FeedbackMapper.getPageList[0;39m | ==> Parameters: 
2024-12-28 15:55:27 | [39mDEBUG[0;39m | [1;33mXNIO-2 task-24[0;39m | [1;32mcom.springboot.keyan.mapper.FeedbackMapper.getPageList[0;39m | ==>  Preparing: select ta.*,ug.username from feedback ta LEFT JOIN userlogin ug on ug.userid=ta.userid where 1=1 LIMIT ?,? 
2024-12-28 15:55:27 | [39mDEBUG[0;39m | [1;33mXNIO-2 task-24[0;39m | [1;32mcom.springboot.keyan.mapper.FeedbackMapper.getPageList[0;39m | ==> Parameters: 0(Long), 10(Long)
2024-12-28 15:55:27 | [39mDEBUG[0;39m | [1;33mXNIO-2 task-24[0;39m | [1;32mcom.springboot.keyan.mapper.FeedbackMapper.getPageList[0;39m | <==      Total: 3
2024-12-28 15:56:30 | [39mDEBUG[0;39m | [1;33mXNIO-2 task-26[0;39m | [1;32mcom.springboot.keyan.mapper.FeedbackMapper.updateById[0;39m | ==>  Preparing: UPDATE feedback SET replytime=?, state=?, reply=? WHERE feedbackid=? 
2024-12-28 15:56:30 | [39mDEBUG[0;39m | [1;33mXNIO-2 task-26[0;39m | [1;32mcom.springboot.keyan.mapper.FeedbackMapper.updateById[0;39m | ==> Parameters: 2024-12-28 15:56:30.305(Timestamp), 3(Integer), 拒绝(String), 3(Integer)
2024-12-28 15:56:30 | [39mDEBUG[0;39m | [1;33mXNIO-2 task-26[0;39m | [1;32mcom.springboot.keyan.mapper.FeedbackMapper.updateById[0;39m | <==    Updates: 1
2024-12-28 15:56:30 | [39mDEBUG[0;39m | [1;33mXNIO-2 task-28[0;39m | [1;32mcom.springboot.keyan.mapper.FeedbackMapper.getPageList[0;39m | ==>  Preparing: SELECT COUNT(1) FROM feedback ta LEFT JOIN userlogin ug ON ug.userid = ta.userid WHERE 1 = 1 
2024-12-28 15:56:30 | [39mDEBUG[0;39m | [1;33mXNIO-2 task-28[0;39m | [1;32mcom.springboot.keyan.mapper.FeedbackMapper.getPageList[0;39m | ==> Parameters: 
2024-12-28 15:56:30 | [39mDEBUG[0;39m | [1;33mXNIO-2 task-28[0;39m | [1;32mcom.springboot.keyan.mapper.FeedbackMapper.getPageList[0;39m | ==>  Preparing: select ta.*,ug.username from feedback ta LEFT JOIN userlogin ug on ug.userid=ta.userid where 1=1 LIMIT ?,? 
2024-12-28 15:56:30 | [39mDEBUG[0;39m | [1;33mXNIO-2 task-28[0;39m | [1;32mcom.springboot.keyan.mapper.FeedbackMapper.getPageList[0;39m | ==> Parameters: 0(Long), 10(Long)
2024-12-28 15:56:30 | [39mDEBUG[0;39m | [1;33mXNIO-2 task-28[0;39m | [1;32mcom.springboot.keyan.mapper.FeedbackMapper.getPageList[0;39m | <==      Total: 3
2024-12-28 15:56:35 | [39mDEBUG[0;39m | [1;33mXNIO-2 task-30[0;39m | [1;32mcom.springboot.keyan.mapper.FeedbackMapper.getPageList[0;39m | ==>  Preparing: SELECT COUNT(1) FROM feedback ta LEFT JOIN userlogin ug ON ug.userid = ta.userid WHERE 1 = 1 AND ta.quetitle LIKE concat('%', ?, '%') 
2024-12-28 15:56:35 | [39mDEBUG[0;39m | [1;33mXNIO-2 task-30[0;39m | [1;32mcom.springboot.keyan.mapper.FeedbackMapper.getPageList[0;39m | ==> Parameters: 1(String)
2024-12-28 15:56:35 | [39mDEBUG[0;39m | [1;33mXNIO-2 task-30[0;39m | [1;32mcom.springboot.keyan.mapper.FeedbackMapper.getPageList[0;39m | ==>  Preparing: select ta.*,ug.username from feedback ta LEFT JOIN userlogin ug on ug.userid=ta.userid where 1=1 and ta.quetitle like concat('%',?,'%') LIMIT ?,? 
2024-12-28 15:56:35 | [39mDEBUG[0;39m | [1;33mXNIO-2 task-30[0;39m | [1;32mcom.springboot.keyan.mapper.FeedbackMapper.getPageList[0;39m | ==> Parameters: 1(String), 0(Long), 10(Long)
2024-12-28 15:56:35 | [39mDEBUG[0;39m | [1;33mXNIO-2 task-30[0;39m | [1;32mcom.springboot.keyan.mapper.FeedbackMapper.getPageList[0;39m | <==      Total: 1
2024-12-28 15:56:37 | [39mDEBUG[0;39m | [1;33mXNIO-2 task-32[0;39m | [1;32mcom.springboot.keyan.mapper.FeedbackMapper.getPageList[0;39m | ==>  Preparing: SELECT COUNT(1) FROM feedback ta LEFT JOIN userlogin ug ON ug.userid = ta.userid WHERE 1 = 1 AND ta.state = ? AND ta.quetitle LIKE concat('%', ?, '%') 
2024-12-28 15:56:37 | [39mDEBUG[0;39m | [1;33mXNIO-2 task-32[0;39m | [1;32mcom.springboot.keyan.mapper.FeedbackMapper.getPageList[0;39m | ==> Parameters: 3(Integer), 1(String)
2024-12-28 15:56:40 | [39mDEBUG[0;39m | [1;33mXNIO-2 task-33[0;39m | [1;32mcom.springboot.keyan.mapper.FeedbackMapper.getPageList[0;39m | ==>  Preparing: SELECT COUNT(1) FROM feedback ta LEFT JOIN userlogin ug ON ug.userid = ta.userid WHERE 1 = 1 AND ta.state = ? AND ta.quetitle LIKE concat('%', ?, '%') 
2024-12-28 15:56:40 | [39mDEBUG[0;39m | [1;33mXNIO-2 task-33[0;39m | [1;32mcom.springboot.keyan.mapper.FeedbackMapper.getPageList[0;39m | ==> Parameters: 3(Integer), 1(String)
2024-12-28 15:56:42 | [39mDEBUG[0;39m | [1;33mXNIO-2 task-35[0;39m | [1;32mcom.springboot.keyan.mapper.UserloginMapper.selectById[0;39m | ==>  Preparing: SELECT userid,regtime,password,state,type,username FROM userlogin WHERE userid=? 
2024-12-28 15:56:42 | [39mDEBUG[0;39m | [1;33mXNIO-2 task-35[0;39m | [1;32mcom.springboot.keyan.mapper.UserloginMapper.selectById[0;39m | ==> Parameters: 7(Integer)
2024-12-28 15:56:42 | [39mDEBUG[0;39m | [1;33mXNIO-2 task-35[0;39m | [1;32mcom.springboot.keyan.mapper.UserloginMapper.selectById[0;39m | <==      Total: 1
2024-12-28 15:56:42 | [39mDEBUG[0;39m | [1;33mXNIO-2 task-35[0;39m | [1;32mcom.springboot.keyan.mapper.TeammemberMapper.selectOne[0;39m | ==>  Preparing: SELECT teamid,searchresults,searchinfo,phonenum,audituserid,opinion,meminfo,memname,searchdir,searchbg,state,updatetime,job,memid FROM teammember WHERE (memid = ?) 
2024-12-28 15:56:42 | [39mDEBUG[0;39m | [1;33mXNIO-2 task-35[0;39m | [1;32mcom.springboot.keyan.mapper.TeammemberMapper.selectOne[0;39m | ==> Parameters: 7(Integer)
2024-12-28 15:56:42 | [39mDEBUG[0;39m | [1;33mXNIO-2 task-35[0;39m | [1;32mcom.springboot.keyan.mapper.TeammemberMapper.selectOne[0;39m | <==      Total: 1
