2024-12-27 13:00:23 | [39mDEBUG[0;39m | [1;33mXNIO-2 task-24[0;39m | [1;32mcom.springboot.keyan.mapper.FeedbackMapper.insert[0;39m | ==>  Preparing: INSERT INTO feedback ( quetime, quecontent, state, quetitle, userid ) VALUES ( ?, ?, ?, ?, ? ) 
2024-12-27 13:00:23 | [39mDEBUG[0;39m | [1;33mXNIO-2 task-24[0;39m | [1;32mcom.springboot.keyan.mapper.FeedbackMapper.insert[0;39m | ==> Parameters: 2024-12-27 13:00:23.011(Timestamp), 有问题(String), 1(Integer), 反馈1(String), 6(Integer)
2024-12-27 13:00:23 | [39mDEBUG[0;39m | [1;33mXNIO-2 task-24[0;39m | [1;32mcom.springboot.keyan.mapper.FeedbackMapper.insert[0;39m | <==    Updates: 1
2024-12-27 13:00:23 | [39mDEBUG[0;39m | [1;33mXNIO-2 task-26[0;39m | [1;32mcom.springboot.keyan.mapper.FeedbackMapper.getPageList[0;39m | ==>  Preparing: SELECT COUNT(1) FROM feedback ta LEFT JOIN userlogin ug ON ug.userid = ta.userid WHERE 1 = 1 
2024-12-27 13:00:23 | [39mDEBUG[0;39m | [1;33mXNIO-2 task-26[0;39m | [1;32mcom.springboot.keyan.mapper.FeedbackMapper.getPageList[0;39m | ==> Parameters: 
2024-12-27 13:00:23 | [39mDEBUG[0;39m | [1;33mXNIO-2 task-26[0;39m | [1;32mcom.springboot.keyan.mapper.FeedbackMapper.getPageList[0;39m | ==>  Preparing: select ta.*,ug.username from feedback ta LEFT JOIN userlogin ug on ug.userid=ta.userid where 1=1 LIMIT ?,? 
2024-12-27 13:00:23 | [39mDEBUG[0;39m | [1;33mXNIO-2 task-26[0;39m | [1;32mcom.springboot.keyan.mapper.FeedbackMapper.getPageList[0;39m | ==> Parameters: 0(Long), 10(Long)
2024-12-27 13:00:23 | [39mDEBUG[0;39m | [1;33mXNIO-2 task-26[0;39m | [1;32mcom.springboot.keyan.mapper.FeedbackMapper.getPageList[0;39m | <==      Total: 2
2024-12-27 13:00:44 | [39mDEBUG[0;39m | [1;33mXNIO-2 task-28[0;39m | [1;32mcom.springboot.keyan.mapper.FeedbackMapper.updateById[0;39m | ==>  Preparing: UPDATE feedback SET replytime=?, state=?, reply=? WHERE feedbackid=? 
2024-12-27 13:00:44 | [39mDEBUG[0;39m | [1;33mXNIO-2 task-28[0;39m | [1;32mcom.springboot.keyan.mapper.FeedbackMapper.updateById[0;39m | ==> Parameters: 2024-12-27 13:00:44.117(Timestamp), 3(Integer), 无效(String), 3(Integer)
2024-12-27 13:00:44 | [39mDEBUG[0;39m | [1;33mXNIO-2 task-28[0;39m | [1;32mcom.springboot.keyan.mapper.FeedbackMapper.updateById[0;39m | <==    Updates: 1
2024-12-27 13:00:44 | [39mDEBUG[0;39m | [1;33mXNIO-2 task-30[0;39m | [1;32mcom.springboot.keyan.mapper.FeedbackMapper.getPageList[0;39m | ==>  Preparing: SELECT COUNT(1) FROM feedback ta LEFT JOIN userlogin ug ON ug.userid = ta.userid WHERE 1 = 1 
2024-12-27 13:00:44 | [39mDEBUG[0;39m | [1;33mXNIO-2 task-30[0;39m | [1;32mcom.springboot.keyan.mapper.FeedbackMapper.getPageList[0;39m | ==> Parameters: 
2024-12-27 13:00:44 | [39mDEBUG[0;39m | [1;33mXNIO-2 task-30[0;39m | [1;32mcom.springboot.keyan.mapper.FeedbackMapper.getPageList[0;39m | ==>  Preparing: select ta.*,ug.username from feedback ta LEFT JOIN userlogin ug on ug.userid=ta.userid where 1=1 LIMIT ?,? 
2024-12-27 13:00:44 | [39mDEBUG[0;39m | [1;33mXNIO-2 task-30[0;39m | [1;32mcom.springboot.keyan.mapper.FeedbackMapper.getPageList[0;39m | ==> Parameters: 0(Long), 10(Long)
2024-12-27 13:00:44 | [39mDEBUG[0;39m | [1;33mXNIO-2 task-30[0;39m | [1;32mcom.springboot.keyan.mapper.FeedbackMapper.getPageList[0;39m | <==      Total: 2
2024-12-27 13:00:55 | [39mDEBUG[0;39m | [1;33mXNIO-2 task-32[0;39m | [1;32mcom.springboot.keyan.mapper.FeedbackMapper.updateById[0;39m | ==>  Preparing: UPDATE feedback SET replytime=?, state=?, reply=? WHERE feedbackid=? 
2024-12-27 13:00:55 | [39mDEBUG[0;39m | [1;33mXNIO-2 task-32[0;39m | [1;32mcom.springboot.keyan.mapper.FeedbackMapper.updateById[0;39m | ==> Parameters: 2024-12-27 13:00:55.3(Timestamp), 2(Integer), 好(String), 4(Integer)
2024-12-27 13:00:55 | [39mDEBUG[0;39m | [1;33mXNIO-2 task-32[0;39m | [1;32mcom.springboot.keyan.mapper.FeedbackMapper.updateById[0;39m | <==    Updates: 1
2024-12-27 13:00:55 | [39mDEBUG[0;39m | [1;33mXNIO-2 task-34[0;39m | [1;32mcom.springboot.keyan.mapper.FeedbackMapper.getPageList[0;39m | ==>  Preparing: SELECT COUNT(1) FROM feedback ta LEFT JOIN userlogin ug ON ug.userid = ta.userid WHERE 1 = 1 
2024-12-27 13:00:55 | [39mDEBUG[0;39m | [1;33mXNIO-2 task-34[0;39m | [1;32mcom.springboot.keyan.mapper.FeedbackMapper.getPageList[0;39m | ==> Parameters: 
2024-12-27 13:00:55 | [39mDEBUG[0;39m | [1;33mXNIO-2 task-34[0;39m | [1;32mcom.springboot.keyan.mapper.FeedbackMapper.getPageList[0;39m | ==>  Preparing: select ta.*,ug.username from feedback ta LEFT JOIN userlogin ug on ug.userid=ta.userid where 1=1 LIMIT ?,? 
2024-12-27 13:00:55 | [39mDEBUG[0;39m | [1;33mXNIO-2 task-34[0;39m | [1;32mcom.springboot.keyan.mapper.FeedbackMapper.getPageList[0;39m | ==> Parameters: 0(Long), 10(Long)
2024-12-27 13:00:55 | [39mDEBUG[0;39m | [1;33mXNIO-2 task-34[0;39m | [1;32mcom.springboot.keyan.mapper.FeedbackMapper.getPageList[0;39m | <==      Total: 2
2024-12-27 13:00:59 | [39mDEBUG[0;39m | [1;33mXNIO-2 task-36[0;39m | [1;32mcom.springboot.keyan.mapper.FeedbackMapper.getPageList[0;39m | ==>  Preparing: SELECT COUNT(1) FROM feedback ta LEFT JOIN userlogin ug ON ug.userid = ta.userid WHERE 1 = 1 AND ta.state = ? 
2024-12-27 13:00:59 | [39mDEBUG[0;39m | [1;33mXNIO-2 task-36[0;39m | [1;32mcom.springboot.keyan.mapper.FeedbackMapper.getPageList[0;39m | ==> Parameters: 3(Integer)
2024-12-27 13:00:59 | [39mDEBUG[0;39m | [1;33mXNIO-2 task-36[0;39m | [1;32mcom.springboot.keyan.mapper.FeedbackMapper.getPageList[0;39m | ==>  Preparing: select ta.*,ug.username from feedback ta LEFT JOIN userlogin ug on ug.userid=ta.userid where 1=1 and ta.state=? LIMIT ?,? 
2024-12-27 13:00:59 | [39mDEBUG[0;39m | [1;33mXNIO-2 task-36[0;39m | [1;32mcom.springboot.keyan.mapper.FeedbackMapper.getPageList[0;39m | ==> Parameters: 3(Integer), 0(Long), 10(Long)
2024-12-27 13:00:59 | [39mDEBUG[0;39m | [1;33mXNIO-2 task-36[0;39m | [1;32mcom.springboot.keyan.mapper.FeedbackMapper.getPageList[0;39m | <==      Total: 1
2024-12-27 13:01:01 | [39mDEBUG[0;39m | [1;33mXNIO-2 task-38[0;39m | [1;32mcom.springboot.keyan.mapper.FeedbackMapper.getPageList[0;39m | ==>  Preparing: SELECT COUNT(1) FROM feedback ta LEFT JOIN userlogin ug ON ug.userid = ta.userid WHERE 1 = 1 AND ta.state = ? 
2024-12-27 13:01:01 | [39mDEBUG[0;39m | [1;33mXNIO-2 task-38[0;39m | [1;32mcom.springboot.keyan.mapper.FeedbackMapper.getPageList[0;39m | ==> Parameters: 1(Integer)
2024-12-27 13:01:04 | [39mDEBUG[0;39m | [1;33mXNIO-2 task-40[0;39m | [1;32mcom.springboot.keyan.mapper.FeedbackMapper.getPageList[0;39m | ==>  Preparing: SELECT COUNT(1) FROM feedback ta LEFT JOIN userlogin ug ON ug.userid = ta.userid WHERE 1 = 1 AND ta.state = ? 
2024-12-27 13:01:04 | [39mDEBUG[0;39m | [1;33mXNIO-2 task-40[0;39m | [1;32mcom.springboot.keyan.mapper.FeedbackMapper.getPageList[0;39m | ==> Parameters: 2(Integer)
2024-12-27 13:01:04 | [39mDEBUG[0;39m | [1;33mXNIO-2 task-40[0;39m | [1;32mcom.springboot.keyan.mapper.FeedbackMapper.getPageList[0;39m | ==>  Preparing: select ta.*,ug.username from feedback ta LEFT JOIN userlogin ug on ug.userid=ta.userid where 1=1 and ta.state=? LIMIT ?,? 
2024-12-27 13:01:04 | [39mDEBUG[0;39m | [1;33mXNIO-2 task-40[0;39m | [1;32mcom.springboot.keyan.mapper.FeedbackMapper.getPageList[0;39m | ==> Parameters: 2(Integer), 0(Long), 10(Long)
2024-12-27 13:01:04 | [39mDEBUG[0;39m | [1;33mXNIO-2 task-40[0;39m | [1;32mcom.springboot.keyan.mapper.FeedbackMapper.getPageList[0;39m | <==      Total: 1
2024-12-27 13:01:11 | [39mDEBUG[0;39m | [1;33mXNIO-2 task-42[0;39m | [1;32mcom.springboot.keyan.mapper.FeedbackMapper.getPageList[0;39m | ==>  Preparing: SELECT COUNT(1) FROM feedback ta LEFT JOIN userlogin ug ON ug.userid = ta.userid WHERE 1 = 1 
2024-12-27 13:01:11 | [39mDEBUG[0;39m | [1;33mXNIO-2 task-42[0;39m | [1;32mcom.springboot.keyan.mapper.FeedbackMapper.getPageList[0;39m | ==> Parameters: 
2024-12-27 13:01:11 | [39mDEBUG[0;39m | [1;33mXNIO-2 task-42[0;39m | [1;32mcom.springboot.keyan.mapper.FeedbackMapper.getPageList[0;39m | ==>  Preparing: select ta.*,ug.username from feedback ta LEFT JOIN userlogin ug on ug.userid=ta.userid where 1=1 LIMIT ?,? 
2024-12-27 13:01:11 | [39mDEBUG[0;39m | [1;33mXNIO-2 task-42[0;39m | [1;32mcom.springboot.keyan.mapper.FeedbackMapper.getPageList[0;39m | ==> Parameters: 0(Long), 10(Long)
2024-12-27 13:01:11 | [39mDEBUG[0;39m | [1;33mXNIO-2 task-42[0;39m | [1;32mcom.springboot.keyan.mapper.FeedbackMapper.getPageList[0;39m | <==      Total: 2
2024-12-27 13:01:15 | [39mDEBUG[0;39m | [1;33mXNIO-2 task-44[0;39m | [1;32mcom.springboot.keyan.mapper.FeedbackMapper.getPageList[0;39m | ==>  Preparing: SELECT COUNT(1) FROM feedback ta LEFT JOIN userlogin ug ON ug.userid = ta.userid WHERE 1 = 1 AND ta.quetitle LIKE concat('%', ?, '%') 
2024-12-27 13:01:15 | [39mDEBUG[0;39m | [1;33mXNIO-2 task-44[0;39m | [1;32mcom.springboot.keyan.mapper.FeedbackMapper.getPageList[0;39m | ==> Parameters: 1(String)
2024-12-27 13:01:15 | [39mDEBUG[0;39m | [1;33mXNIO-2 task-44[0;39m | [1;32mcom.springboot.keyan.mapper.FeedbackMapper.getPageList[0;39m | ==>  Preparing: select ta.*,ug.username from feedback ta LEFT JOIN userlogin ug on ug.userid=ta.userid where 1=1 and ta.quetitle like concat('%',?,'%') LIMIT ?,? 
2024-12-27 13:01:15 | [39mDEBUG[0;39m | [1;33mXNIO-2 task-44[0;39m | [1;32mcom.springboot.keyan.mapper.FeedbackMapper.getPageList[0;39m | ==> Parameters: 1(String), 0(Long), 10(Long)
2024-12-27 13:01:15 | [39mDEBUG[0;39m | [1;33mXNIO-2 task-44[0;39m | [1;32mcom.springboot.keyan.mapper.FeedbackMapper.getPageList[0;39m | <==      Total: 1
2024-12-27 13:01:19 | [39mDEBUG[0;39m | [1;33mXNIO-2 task-46[0;39m | [1;32mcom.springboot.keyan.mapper.FeedbackMapper.getPageList[0;39m | ==>  Preparing: SELECT COUNT(1) FROM feedback ta LEFT JOIN userlogin ug ON ug.userid = ta.userid WHERE 1 = 1 AND ta.quetitle LIKE concat('%', ?, '%') 
2024-12-27 13:01:19 | [39mDEBUG[0;39m | [1;33mXNIO-2 task-46[0;39m | [1;32mcom.springboot.keyan.mapper.FeedbackMapper.getPageList[0;39m | ==> Parameters: 1(String)
2024-12-27 13:01:19 | [39mDEBUG[0;39m | [1;33mXNIO-2 task-46[0;39m | [1;32mcom.springboot.keyan.mapper.FeedbackMapper.getPageList[0;39m | ==>  Preparing: select ta.*,ug.username from feedback ta LEFT JOIN userlogin ug on ug.userid=ta.userid where 1=1 and ta.quetitle like concat('%',?,'%') LIMIT ?,? 
2024-12-27 13:01:19 | [39mDEBUG[0;39m | [1;33mXNIO-2 task-46[0;39m | [1;32mcom.springboot.keyan.mapper.FeedbackMapper.getPageList[0;39m | ==> Parameters: 1(String), 0(Long), 10(Long)
2024-12-27 13:01:19 | [39mDEBUG[0;39m | [1;33mXNIO-2 task-46[0;39m | [1;32mcom.springboot.keyan.mapper.FeedbackMapper.getPageList[0;39m | <==      Total: 1
2024-12-27 13:01:23 | [39mDEBUG[0;39m | [1;33mXNIO-2 task-48[0;39m | [1;32mcom.springboot.keyan.mapper.FeedbackMapper.getPageList[0;39m | ==>  Preparing: SELECT COUNT(1) FROM feedback ta LEFT JOIN userlogin ug ON ug.userid = ta.userid WHERE 1 = 1 
2024-12-27 13:01:23 | [39mDEBUG[0;39m | [1;33mXNIO-2 task-48[0;39m | [1;32mcom.springboot.keyan.mapper.FeedbackMapper.getPageList[0;39m | ==> Parameters: 
2024-12-27 13:01:23 | [39mDEBUG[0;39m | [1;33mXNIO-2 task-48[0;39m | [1;32mcom.springboot.keyan.mapper.FeedbackMapper.getPageList[0;39m | ==>  Preparing: select ta.*,ug.username from feedback ta LEFT JOIN userlogin ug on ug.userid=ta.userid where 1=1 LIMIT ?,? 
2024-12-27 13:01:23 | [39mDEBUG[0;39m | [1;33mXNIO-2 task-48[0;39m | [1;32mcom.springboot.keyan.mapper.FeedbackMapper.getPageList[0;39m | ==> Parameters: 0(Long), 10(Long)
2024-12-27 13:01:23 | [39mDEBUG[0;39m | [1;33mXNIO-2 task-48[0;39m | [1;32mcom.springboot.keyan.mapper.FeedbackMapper.getPageList[0;39m | <==      Total: 2
2024-12-27 13:04:55 | [39mDEBUG[0;39m | [1;33mXNIO-2 task-50[0;39m | [1;32mcom.springboot.keyan.mapper.UserloginMapper.selectById[0;39m | ==>  Preparing: SELECT userid,regtime,password,state,type,username FROM userlogin WHERE userid=? 
2024-12-27 13:04:55 | [39mDEBUG[0;39m | [1;33mXNIO-2 task-50[0;39m | [1;32mcom.springboot.keyan.mapper.UserloginMapper.selectById[0;39m | ==> Parameters: 6(Integer)
2024-12-27 13:04:55 | [39mDEBUG[0;39m | [1;33mXNIO-2 task-50[0;39m | [1;32mcom.springboot.keyan.mapper.UserloginMapper.selectById[0;39m | <==      Total: 1
2024-12-27 13:04:55 | [39mDEBUG[0;39m | [1;33mXNIO-2 task-50[0;39m | [1;32mcom.springboot.keyan.mapper.TeammemberMapper.selectOne[0;39m | ==>  Preparing: SELECT teamid,searchresults,searchinfo,phonenum,audituserid,opinion,meminfo,memname,searchdir,searchbg,state,updatetime,job,memid FROM teammember WHERE (memid = ?) 
2024-12-27 13:04:55 | [39mDEBUG[0;39m | [1;33mXNIO-2 task-50[0;39m | [1;32mcom.springboot.keyan.mapper.TeammemberMapper.selectOne[0;39m | ==> Parameters: 6(Integer)
2024-12-27 13:04:55 | [39mDEBUG[0;39m | [1;33mXNIO-2 task-50[0;39m | [1;32mcom.springboot.keyan.mapper.TeammemberMapper.selectOne[0;39m | <==      Total: 1
2024-12-27 13:06:58 | [39mDEBUG[0;39m | [1;33mXNIO-2 task-52[0;39m | [1;32mcom.springboot.keyan.mapper.FeedbackMapper.getPageList[0;39m | ==>  Preparing: SELECT COUNT(1) FROM feedback ta LEFT JOIN userlogin ug ON ug.userid = ta.userid WHERE 1 = 1 
2024-12-27 13:06:58 | [39mDEBUG[0;39m | [1;33mXNIO-2 task-52[0;39m | [1;32mcom.springboot.keyan.mapper.FeedbackMapper.getPageList[0;39m | ==> Parameters: 
2024-12-27 13:06:58 | [39mDEBUG[0;39m | [1;33mXNIO-2 task-52[0;39m | [1;32mcom.springboot.keyan.mapper.FeedbackMapper.getPageList[0;39m | ==>  Preparing: select ta.*,ug.username from feedback ta LEFT JOIN userlogin ug on ug.userid=ta.userid where 1=1 LIMIT ?,? 
2024-12-27 13:06:58 | [39mDEBUG[0;39m | [1;33mXNIO-2 task-52[0;39m | [1;32mcom.springboot.keyan.mapper.FeedbackMapper.getPageList[0;39m | ==> Parameters: 0(Long), 10(Long)
2024-12-27 13:06:58 | [39mDEBUG[0;39m | [1;33mXNIO-2 task-52[0;39m | [1;32mcom.springboot.keyan.mapper.FeedbackMapper.getPageList[0;39m | <==      Total: 2
2024-12-27 13:07:11 | [39mDEBUG[0;39m | [1;33mXNIO-2 task-54[0;39m | [1;32mcom.springboot.keyan.mapper.FeedbackMapper.getPageList[0;39m | ==>  Preparing: SELECT COUNT(1) FROM feedback ta LEFT JOIN userlogin ug ON ug.userid = ta.userid WHERE 1 = 1 
2024-12-27 13:07:11 | [39mDEBUG[0;39m | [1;33mXNIO-2 task-54[0;39m | [1;32mcom.springboot.keyan.mapper.FeedbackMapper.getPageList[0;39m | ==> Parameters: 
2024-12-27 13:07:11 | [39mDEBUG[0;39m | [1;33mXNIO-2 task-54[0;39m | [1;32mcom.springboot.keyan.mapper.FeedbackMapper.getPageList[0;39m | ==>  Preparing: select ta.*,ug.username from feedback ta LEFT JOIN userlogin ug on ug.userid=ta.userid where 1=1 LIMIT ?,? 
2024-12-27 13:07:11 | [39mDEBUG[0;39m | [1;33mXNIO-2 task-54[0;39m | [1;32mcom.springboot.keyan.mapper.FeedbackMapper.getPageList[0;39m | ==> Parameters: 0(Long), 10(Long)
2024-12-27 13:07:11 | [39mDEBUG[0;39m | [1;33mXNIO-2 task-54[0;39m | [1;32mcom.springboot.keyan.mapper.FeedbackMapper.getPageList[0;39m | <==      Total: 2
2024-12-27 13:07:18 | [39mDEBUG[0;39m | [1;33mXNIO-2 task-56[0;39m | [1;32mcom.springboot.keyan.mapper.UserloginMapper.selectById[0;39m | ==>  Preparing: SELECT userid,regtime,password,state,type,username FROM userlogin WHERE userid=? 
2024-12-27 13:07:18 | [39mDEBUG[0;39m | [1;33mXNIO-2 task-56[0;39m | [1;32mcom.springboot.keyan.mapper.UserloginMapper.selectById[0;39m | ==> Parameters: 6(Integer)
2024-12-27 13:07:18 | [39mDEBUG[0;39m | [1;33mXNIO-2 task-56[0;39m | [1;32mcom.springboot.keyan.mapper.UserloginMapper.selectById[0;39m | <==      Total: 1
2024-12-27 13:07:18 | [39mDEBUG[0;39m | [1;33mXNIO-2 task-56[0;39m | [1;32mcom.springboot.keyan.mapper.TeammemberMapper.selectOne[0;39m | ==>  Preparing: SELECT teamid,searchresults,searchinfo,phonenum,audituserid,opinion,meminfo,memname,searchdir,searchbg,state,updatetime,job,memid FROM teammember WHERE (memid = ?) 
2024-12-27 13:07:18 | [39mDEBUG[0;39m | [1;33mXNIO-2 task-56[0;39m | [1;32mcom.springboot.keyan.mapper.TeammemberMapper.selectOne[0;39m | ==> Parameters: 6(Integer)
2024-12-27 13:07:18 | [39mDEBUG[0;39m | [1;33mXNIO-2 task-56[0;39m | [1;32mcom.springboot.keyan.mapper.TeammemberMapper.selectOne[0;39m | <==      Total: 1
2024-12-27 13:07:21 | [39mDEBUG[0;39m | [1;33mXNIO-2 task-58[0;39m | [1;32mcom.springboot.keyan.mapper.FeedbackMapper.getPageList[0;39m | ==>  Preparing: SELECT COUNT(1) FROM feedback ta LEFT JOIN userlogin ug ON ug.userid = ta.userid WHERE 1 = 1 
2024-12-27 13:07:21 | [39mDEBUG[0;39m | [1;33mXNIO-2 task-58[0;39m | [1;32mcom.springboot.keyan.mapper.FeedbackMapper.getPageList[0;39m | ==> Parameters: 
2024-12-27 13:07:21 | [39mDEBUG[0;39m | [1;33mXNIO-2 task-58[0;39m | [1;32mcom.springboot.keyan.mapper.FeedbackMapper.getPageList[0;39m | ==>  Preparing: select ta.*,ug.username from feedback ta LEFT JOIN userlogin ug on ug.userid=ta.userid where 1=1 LIMIT ?,? 
2024-12-27 13:07:21 | [39mDEBUG[0;39m | [1;33mXNIO-2 task-58[0;39m | [1;32mcom.springboot.keyan.mapper.FeedbackMapper.getPageList[0;39m | ==> Parameters: 0(Long), 10(Long)
2024-12-27 13:07:21 | [39mDEBUG[0;39m | [1;33mXNIO-2 task-58[0;39m | [1;32mcom.springboot.keyan.mapper.FeedbackMapper.getPageList[0;39m | <==      Total: 2
2024-12-27 13:10:43 | [39mDEBUG[0;39m | [1;33mXNIO-2 task-59[0;39m | [1;32mcom.springboot.keyan.mapper.RegistrationMapper.selectList[0;39m | ==>  Preparing: SELECT regisuserid,password,reasons,stateans,appltime,state,audituserid,type,email,username FROM registration WHERE (username = ?) 
2024-12-27 13:10:43 | [39mDEBUG[0;39m | [1;33mXNIO-2 task-59[0;39m | [1;32mcom.springboot.keyan.mapper.RegistrationMapper.selectList[0;39m | ==> Parameters: 111(String)
2024-12-27 13:10:43 | [39mDEBUG[0;39m | [1;33mXNIO-2 task-59[0;39m | [1;32mcom.springboot.keyan.mapper.RegistrationMapper.selectList[0;39m | <==      Total: 0
2024-12-27 13:10:43 | [39mDEBUG[0;39m | [1;33mXNIO-2 task-59[0;39m | [1;32mcom.springboot.keyan.mapper.RegistrationMapper.insert[0;39m | ==>  Preparing: INSERT INTO registration ( password, reasons, appltime, state, type, email, username ) VALUES ( ?, ?, ?, ?, ?, ?, ? ) 
2024-12-27 13:10:43 | [39mDEBUG[0;39m | [1;33mXNIO-2 task-59[0;39m | [1;32mcom.springboot.keyan.mapper.RegistrationMapper.insert[0;39m | ==> Parameters: 123456(String), 1(String), 2024-12-27 13:10:43.259(Timestamp), 1(Integer), 2(Integer), 123456(String), 111(String)
2024-12-27 13:10:43 | [39mDEBUG[0;39m | [1;33mXNIO-2 task-59[0;39m | [1;32mcom.springboot.keyan.mapper.RegistrationMapper.insert[0;39m | <==    Updates: 1
2024-12-27 13:10:43 | [39mDEBUG[0;39m | [1;33mXNIO-2 task-59[0;39m | [1;32mcom.springboot.keyan.mapper.UserloginMapper.insert[0;39m | ==>  Preparing: INSERT INTO userlogin ( userid, regtime, password, state, type, username ) VALUES ( ?, ?, ?, ?, ?, ? ) 
2024-12-27 13:10:43 | [39mDEBUG[0;39m | [1;33mXNIO-2 task-59[0;39m | [1;32mcom.springboot.keyan.mapper.UserloginMapper.insert[0;39m | ==> Parameters: 7(Integer), 2024-12-27 13:10:43.262(Timestamp), 123456(String), 1(Integer), 2(Integer), 111(String)
2024-12-27 13:10:43 | [39mDEBUG[0;39m | [1;33mXNIO-2 task-59[0;39m | [1;32mcom.springboot.keyan.mapper.UserloginMapper.insert[0;39m | <==    Updates: 1
2024-12-27 13:10:43 | [39mDEBUG[0;39m | [1;33mXNIO-2 task-59[0;39m | [1;32mcom.springboot.keyan.mapper.TeammemberMapper.insert[0;39m | ==>  Preparing: INSERT INTO teammember ( memname, state, memid ) VALUES ( ?, ?, ? ) 
2024-12-27 13:10:43 | [39mDEBUG[0;39m | [1;33mXNIO-2 task-59[0;39m | [1;32mcom.springboot.keyan.mapper.TeammemberMapper.insert[0;39m | ==> Parameters: 111(String), 1(Integer), 7(Integer)
2024-12-27 13:10:43 | [39mDEBUG[0;39m | [1;33mXNIO-2 task-59[0;39m | [1;32mcom.springboot.keyan.mapper.TeammemberMapper.insert[0;39m | <==    Updates: 1
2024-12-27 13:10:51 | [39mDEBUG[0;39m | [1;33mXNIO-2 task-60[0;39m | [1;32mcom.springboot.keyan.mapper.UserloginMapper.selectOne[0;39m | ==>  Preparing: SELECT userid,regtime,password,state,type,username FROM userlogin WHERE (username = ? AND password = ?) 
2024-12-27 13:10:51 | [39mDEBUG[0;39m | [1;33mXNIO-2 task-60[0;39m | [1;32mcom.springboot.keyan.mapper.UserloginMapper.selectOne[0;39m | ==> Parameters: 111(String), 123456(String)
2024-12-27 13:10:51 | [39mDEBUG[0;39m | [1;33mXNIO-2 task-60[0;39m | [1;32mcom.springboot.keyan.mapper.UserloginMapper.selectOne[0;39m | <==      Total: 1
2024-12-27 13:10:51 | [39mDEBUG[0;39m | [1;33mXNIO-2 task-62[0;39m | [1;32mcom.springboot.keyan.mapper.FeedbackMapper.getPageList[0;39m | ==>  Preparing: SELECT COUNT(1) FROM feedback ta LEFT JOIN userlogin ug ON ug.userid = ta.userid WHERE 1 = 1 
2024-12-27 13:10:51 | [39mDEBUG[0;39m | [1;33mXNIO-2 task-62[0;39m | [1;32mcom.springboot.keyan.mapper.FeedbackMapper.getPageList[0;39m | ==> Parameters: 
2024-12-27 13:10:51 | [39mDEBUG[0;39m | [1;33mXNIO-2 task-62[0;39m | [1;32mcom.springboot.keyan.mapper.FeedbackMapper.getPageList[0;39m | ==>  Preparing: select ta.*,ug.username from feedback ta LEFT JOIN userlogin ug on ug.userid=ta.userid where 1=1 LIMIT ?,? 
2024-12-27 13:10:51 | [39mDEBUG[0;39m | [1;33mXNIO-2 task-62[0;39m | [1;32mcom.springboot.keyan.mapper.FeedbackMapper.getPageList[0;39m | ==> Parameters: 0(Long), 10(Long)
2024-12-27 13:10:51 | [39mDEBUG[0;39m | [1;33mXNIO-2 task-62[0;39m | [1;32mcom.springboot.keyan.mapper.FeedbackMapper.getPageList[0;39m | <==      Total: 2
2024-12-27 13:10:56 | [39mDEBUG[0;39m | [1;33mXNIO-2 task-64[0;39m | [1;32mcom.springboot.keyan.mapper.UserloginMapper.selectById[0;39m | ==>  Preparing: SELECT userid,regtime,password,state,type,username FROM userlogin WHERE userid=? 
2024-12-27 13:10:56 | [39mDEBUG[0;39m | [1;33mXNIO-2 task-64[0;39m | [1;32mcom.springboot.keyan.mapper.UserloginMapper.selectById[0;39m | ==> Parameters: 7(Integer)
2024-12-27 13:10:56 | [39mDEBUG[0;39m | [1;33mXNIO-2 task-64[0;39m | [1;32mcom.springboot.keyan.mapper.UserloginMapper.selectById[0;39m | <==      Total: 1
2024-12-27 13:10:56 | [39mDEBUG[0;39m | [1;33mXNIO-2 task-64[0;39m | [1;32mcom.springboot.keyan.mapper.TeammemberMapper.selectOne[0;39m | ==>  Preparing: SELECT teamid,searchresults,searchinfo,phonenum,audituserid,opinion,meminfo,memname,searchdir,searchbg,state,updatetime,job,memid FROM teammember WHERE (memid = ?) 
2024-12-27 13:10:56 | [39mDEBUG[0;39m | [1;33mXNIO-2 task-64[0;39m | [1;32mcom.springboot.keyan.mapper.TeammemberMapper.selectOne[0;39m | ==> Parameters: 7(Integer)
2024-12-27 13:10:56 | [39mDEBUG[0;39m | [1;33mXNIO-2 task-64[0;39m | [1;32mcom.springboot.keyan.mapper.TeammemberMapper.selectOne[0;39m | <==      Total: 1
2024-12-27 13:10:58 | [39mDEBUG[0;39m | [1;33mXNIO-2 task-66[0;39m | [1;32mcom.springboot.keyan.mapper.FeedbackMapper.getPageList[0;39m | ==>  Preparing: SELECT COUNT(1) FROM feedback ta LEFT JOIN userlogin ug ON ug.userid = ta.userid WHERE 1 = 1 
2024-12-27 13:10:58 | [39mDEBUG[0;39m | [1;33mXNIO-2 task-66[0;39m | [1;32mcom.springboot.keyan.mapper.FeedbackMapper.getPageList[0;39m | ==> Parameters: 
2024-12-27 13:10:58 | [39mDEBUG[0;39m | [1;33mXNIO-2 task-66[0;39m | [1;32mcom.springboot.keyan.mapper.FeedbackMapper.getPageList[0;39m | ==>  Preparing: select ta.*,ug.username from feedback ta LEFT JOIN userlogin ug on ug.userid=ta.userid where 1=1 LIMIT ?,? 
2024-12-27 13:10:58 | [39mDEBUG[0;39m | [1;33mXNIO-2 task-66[0;39m | [1;32mcom.springboot.keyan.mapper.FeedbackMapper.getPageList[0;39m | ==> Parameters: 0(Long), 10(Long)
2024-12-27 13:10:58 | [39mDEBUG[0;39m | [1;33mXNIO-2 task-66[0;39m | [1;32mcom.springboot.keyan.mapper.FeedbackMapper.getPageList[0;39m | <==      Total: 2
2024-12-27 13:11:17 | [39mDEBUG[0;39m | [1;33mXNIO-2 task-68[0;39m | [1;32mcom.springboot.keyan.mapper.UserloginMapper.selectById[0;39m | ==>  Preparing: SELECT userid,regtime,password,state,type,username FROM userlogin WHERE userid=? 
2024-12-27 13:11:17 | [39mDEBUG[0;39m | [1;33mXNIO-2 task-68[0;39m | [1;32mcom.springboot.keyan.mapper.UserloginMapper.selectById[0;39m | ==> Parameters: 7(Integer)
2024-12-27 13:11:17 | [39mDEBUG[0;39m | [1;33mXNIO-2 task-68[0;39m | [1;32mcom.springboot.keyan.mapper.UserloginMapper.selectById[0;39m | <==      Total: 1
2024-12-27 13:11:17 | [39mDEBUG[0;39m | [1;33mXNIO-2 task-68[0;39m | [1;32mcom.springboot.keyan.mapper.TeammemberMapper.selectOne[0;39m | ==>  Preparing: SELECT teamid,searchresults,searchinfo,phonenum,audituserid,opinion,meminfo,memname,searchdir,searchbg,state,updatetime,job,memid FROM teammember WHERE (memid = ?) 
2024-12-27 13:11:17 | [39mDEBUG[0;39m | [1;33mXNIO-2 task-68[0;39m | [1;32mcom.springboot.keyan.mapper.TeammemberMapper.selectOne[0;39m | ==> Parameters: 7(Integer)
2024-12-27 13:11:17 | [39mDEBUG[0;39m | [1;33mXNIO-2 task-68[0;39m | [1;32mcom.springboot.keyan.mapper.TeammemberMapper.selectOne[0;39m | <==      Total: 1
2024-12-27 13:11:35 | [39mDEBUG[0;39m | [1;33mXNIO-2 task-70[0;39m | [1;32mcom.springboot.keyan.mapper.TeammemberMapper.updateById[0;39m | ==>  Preparing: UPDATE teammember SET searchresults=?, searchinfo=?, phonenum=?, meminfo=?, memname=?, searchdir=?, searchbg=?, updatetime=?, job=? WHERE teamid=? 
2024-12-27 13:11:35 | [39mDEBUG[0;39m | [1;33mXNIO-2 task-70[0;39m | [1;32mcom.springboot.keyan.mapper.TeammemberMapper.updateById[0;39m | ==> Parameters: 1(String), 1(String), 1(String), 1(String), 111(String), 1(String), 1(String), 2024-12-27 13:11:35.232(Timestamp), 学习(String), 5(Integer)
2024-12-27 13:11:35 | [39mDEBUG[0;39m | [1;33mXNIO-2 task-70[0;39m | [1;32mcom.springboot.keyan.mapper.TeammemberMapper.updateById[0;39m | <==    Updates: 1
2024-12-27 13:11:35 | [39mDEBUG[0;39m | [1;33mXNIO-2 task-72[0;39m | [1;32mcom.springboot.keyan.mapper.UserloginMapper.selectById[0;39m | ==>  Preparing: SELECT userid,regtime,password,state,type,username FROM userlogin WHERE userid=? 
2024-12-27 13:11:35 | [39mDEBUG[0;39m | [1;33mXNIO-2 task-72[0;39m | [1;32mcom.springboot.keyan.mapper.UserloginMapper.selectById[0;39m | ==> Parameters: 7(Integer)
2024-12-27 13:11:35 | [39mDEBUG[0;39m | [1;33mXNIO-2 task-72[0;39m | [1;32mcom.springboot.keyan.mapper.UserloginMapper.selectById[0;39m | <==      Total: 1
2024-12-27 13:11:35 | [39mDEBUG[0;39m | [1;33mXNIO-2 task-72[0;39m | [1;32mcom.springboot.keyan.mapper.TeammemberMapper.selectOne[0;39m | ==>  Preparing: SELECT teamid,searchresults,searchinfo,phonenum,audituserid,opinion,meminfo,memname,searchdir,searchbg,state,updatetime,job,memid FROM teammember WHERE (memid = ?) 
2024-12-27 13:11:35 | [39mDEBUG[0;39m | [1;33mXNIO-2 task-72[0;39m | [1;32mcom.springboot.keyan.mapper.TeammemberMapper.selectOne[0;39m | ==> Parameters: 7(Integer)
2024-12-27 13:11:35 | [39mDEBUG[0;39m | [1;33mXNIO-2 task-72[0;39m | [1;32mcom.springboot.keyan.mapper.TeammemberMapper.selectOne[0;39m | <==      Total: 1
2024-12-27 13:11:38 | [39mDEBUG[0;39m | [1;33mXNIO-2 task-74[0;39m | [1;32mcom.springboot.keyan.mapper.FeedbackMapper.getPageList[0;39m | ==>  Preparing: SELECT COUNT(1) FROM feedback ta LEFT JOIN userlogin ug ON ug.userid = ta.userid WHERE 1 = 1 
2024-12-27 13:11:38 | [39mDEBUG[0;39m | [1;33mXNIO-2 task-74[0;39m | [1;32mcom.springboot.keyan.mapper.FeedbackMapper.getPageList[0;39m | ==> Parameters: 
2024-12-27 13:11:38 | [39mDEBUG[0;39m | [1;33mXNIO-2 task-74[0;39m | [1;32mcom.springboot.keyan.mapper.FeedbackMapper.getPageList[0;39m | ==>  Preparing: select ta.*,ug.username from feedback ta LEFT JOIN userlogin ug on ug.userid=ta.userid where 1=1 LIMIT ?,? 
2024-12-27 13:11:38 | [39mDEBUG[0;39m | [1;33mXNIO-2 task-74[0;39m | [1;32mcom.springboot.keyan.mapper.FeedbackMapper.getPageList[0;39m | ==> Parameters: 0(Long), 10(Long)
2024-12-27 13:11:38 | [39mDEBUG[0;39m | [1;33mXNIO-2 task-74[0;39m | [1;32mcom.springboot.keyan.mapper.FeedbackMapper.getPageList[0;39m | <==      Total: 2
2024-12-27 13:12:06 | [39mDEBUG[0;39m | [1;33mXNIO-2 task-76[0;39m | [1;32mcom.springboot.keyan.mapper.UserloginMapper.selectById[0;39m | ==>  Preparing: SELECT userid,regtime,password,state,type,username FROM userlogin WHERE userid=? 
2024-12-27 13:12:06 | [39mDEBUG[0;39m | [1;33mXNIO-2 task-76[0;39m | [1;32mcom.springboot.keyan.mapper.UserloginMapper.selectById[0;39m | ==> Parameters: 7(Integer)
2024-12-27 13:12:06 | [39mDEBUG[0;39m | [1;33mXNIO-2 task-76[0;39m | [1;32mcom.springboot.keyan.mapper.UserloginMapper.selectById[0;39m | <==      Total: 1
2024-12-27 13:12:06 | [39mDEBUG[0;39m | [1;33mXNIO-2 task-76[0;39m | [1;32mcom.springboot.keyan.mapper.TeammemberMapper.selectOne[0;39m | ==>  Preparing: SELECT teamid,searchresults,searchinfo,phonenum,audituserid,opinion,meminfo,memname,searchdir,searchbg,state,updatetime,job,memid FROM teammember WHERE (memid = ?) 
2024-12-27 13:12:06 | [39mDEBUG[0;39m | [1;33mXNIO-2 task-76[0;39m | [1;32mcom.springboot.keyan.mapper.TeammemberMapper.selectOne[0;39m | ==> Parameters: 7(Integer)
2024-12-27 13:12:06 | [39mDEBUG[0;39m | [1;33mXNIO-2 task-76[0;39m | [1;32mcom.springboot.keyan.mapper.TeammemberMapper.selectOne[0;39m | <==      Total: 1
2024-12-27 13:12:08 | [39mDEBUG[0;39m | [1;33mXNIO-2 task-78[0;39m | [1;32mcom.springboot.keyan.mapper.TeammemberMapper.updateById[0;39m | ==>  Preparing: UPDATE teammember SET searchresults=?, searchinfo=?, phonenum=?, meminfo=?, memname=?, searchdir=?, searchbg=?, updatetime=?, job=? WHERE teamid=? 
2024-12-27 13:12:08 | [39mDEBUG[0;39m | [1;33mXNIO-2 task-78[0;39m | [1;32mcom.springboot.keyan.mapper.TeammemberMapper.updateById[0;39m | ==> Parameters: 1(String), 1(String), 1(String), 1(String), 111(String), 1(String), 1(String), 2024-12-27 13:12:08.095(Timestamp), 学习(String), 5(Integer)
2024-12-27 13:12:08 | [39mDEBUG[0;39m | [1;33mXNIO-2 task-78[0;39m | [1;32mcom.springboot.keyan.mapper.TeammemberMapper.updateById[0;39m | <==    Updates: 1
2024-12-27 13:12:08 | [39mDEBUG[0;39m | [1;33mXNIO-2 task-79[0;39m | [1;32mcom.springboot.keyan.mapper.UserloginMapper.selectById[0;39m | ==>  Preparing: SELECT userid,regtime,password,state,type,username FROM userlogin WHERE userid=? 
2024-12-27 13:12:08 | [39mDEBUG[0;39m | [1;33mXNIO-2 task-79[0;39m | [1;32mcom.springboot.keyan.mapper.UserloginMapper.selectById[0;39m | ==> Parameters: 7(Integer)
2024-12-27 13:12:08 | [39mDEBUG[0;39m | [1;33mXNIO-2 task-79[0;39m | [1;32mcom.springboot.keyan.mapper.UserloginMapper.selectById[0;39m | <==      Total: 1
2024-12-27 13:12:08 | [39mDEBUG[0;39m | [1;33mXNIO-2 task-79[0;39m | [1;32mcom.springboot.keyan.mapper.TeammemberMapper.selectOne[0;39m | ==>  Preparing: SELECT teamid,searchresults,searchinfo,phonenum,audituserid,opinion,meminfo,memname,searchdir,searchbg,state,updatetime,job,memid FROM teammember WHERE (memid = ?) 
2024-12-27 13:12:08 | [39mDEBUG[0;39m | [1;33mXNIO-2 task-79[0;39m | [1;32mcom.springboot.keyan.mapper.TeammemberMapper.selectOne[0;39m | ==> Parameters: 7(Integer)
2024-12-27 13:12:08 | [39mDEBUG[0;39m | [1;33mXNIO-2 task-79[0;39m | [1;32mcom.springboot.keyan.mapper.TeammemberMapper.selectOne[0;39m | <==      Total: 1
2024-12-27 13:12:09 | [39mDEBUG[0;39m | [1;33mXNIO-2 task-81[0;39m | [1;32mcom.springboot.keyan.mapper.FeedbackMapper.getPageList[0;39m | ==>  Preparing: SELECT COUNT(1) FROM feedback ta LEFT JOIN userlogin ug ON ug.userid = ta.userid WHERE 1 = 1 
2024-12-27 13:12:09 | [39mDEBUG[0;39m | [1;33mXNIO-2 task-81[0;39m | [1;32mcom.springboot.keyan.mapper.FeedbackMapper.getPageList[0;39m | ==> Parameters: 
2024-12-27 13:12:09 | [39mDEBUG[0;39m | [1;33mXNIO-2 task-81[0;39m | [1;32mcom.springboot.keyan.mapper.FeedbackMapper.getPageList[0;39m | ==>  Preparing: select ta.*,ug.username from feedback ta LEFT JOIN userlogin ug on ug.userid=ta.userid where 1=1 LIMIT ?,? 
2024-12-27 13:12:09 | [39mDEBUG[0;39m | [1;33mXNIO-2 task-81[0;39m | [1;32mcom.springboot.keyan.mapper.FeedbackMapper.getPageList[0;39m | ==> Parameters: 0(Long), 10(Long)
2024-12-27 13:12:09 | [39mDEBUG[0;39m | [1;33mXNIO-2 task-81[0;39m | [1;32mcom.springboot.keyan.mapper.FeedbackMapper.getPageList[0;39m | <==      Total: 2
2024-12-27 13:14:05 | [39mDEBUG[0;39m | [1;33mXNIO-2 task-82[0;39m | [1;32mcom.springboot.keyan.mapper.UserloginMapper.selectOne[0;39m | ==>  Preparing: SELECT userid,regtime,password,state,type,username FROM userlogin WHERE (username = ? AND password = ?) 
2024-12-27 13:14:05 | [39mDEBUG[0;39m | [1;33mXNIO-2 task-82[0;39m | [1;32mcom.springboot.keyan.mapper.UserloginMapper.selectOne[0;39m | ==> Parameters: 111(String), 123456(String)
2024-12-27 13:14:05 | [39mDEBUG[0;39m | [1;33mXNIO-2 task-82[0;39m | [1;32mcom.springboot.keyan.mapper.UserloginMapper.selectOne[0;39m | <==      Total: 1
2024-12-27 13:14:05 | [39mDEBUG[0;39m | [1;33mXNIO-2 task-84[0;39m | [1;32mcom.springboot.keyan.mapper.FeedbackMapper.getPageList[0;39m | ==>  Preparing: SELECT COUNT(1) FROM feedback ta LEFT JOIN userlogin ug ON ug.userid = ta.userid WHERE 1 = 1 
2024-12-27 13:14:05 | [39mDEBUG[0;39m | [1;33mXNIO-2 task-84[0;39m | [1;32mcom.springboot.keyan.mapper.FeedbackMapper.getPageList[0;39m | ==> Parameters: 
2024-12-27 13:14:05 | [39mDEBUG[0;39m | [1;33mXNIO-2 task-84[0;39m | [1;32mcom.springboot.keyan.mapper.FeedbackMapper.getPageList[0;39m | ==>  Preparing: select ta.*,ug.username from feedback ta LEFT JOIN userlogin ug on ug.userid=ta.userid where 1=1 LIMIT ?,? 
2024-12-27 13:14:05 | [39mDEBUG[0;39m | [1;33mXNIO-2 task-84[0;39m | [1;32mcom.springboot.keyan.mapper.FeedbackMapper.getPageList[0;39m | ==> Parameters: 0(Long), 10(Long)
2024-12-27 13:14:05 | [39mDEBUG[0;39m | [1;33mXNIO-2 task-84[0;39m | [1;32mcom.springboot.keyan.mapper.FeedbackMapper.getPageList[0;39m | <==      Total: 2
2024-12-27 13:14:09 | [39mDEBUG[0;39m | [1;33mXNIO-2 task-86[0;39m | [1;32mcom.springboot.keyan.mapper.UserloginMapper.selectById[0;39m | ==>  Preparing: SELECT userid,regtime,password,state,type,username FROM userlogin WHERE userid=? 
2024-12-27 13:14:09 | [39mDEBUG[0;39m | [1;33mXNIO-2 task-86[0;39m | [1;32mcom.springboot.keyan.mapper.UserloginMapper.selectById[0;39m | ==> Parameters: 7(Integer)
2024-12-27 13:14:09 | [39mDEBUG[0;39m | [1;33mXNIO-2 task-86[0;39m | [1;32mcom.springboot.keyan.mapper.UserloginMapper.selectById[0;39m | <==      Total: 1
2024-12-27 13:14:09 | [39mDEBUG[0;39m | [1;33mXNIO-2 task-86[0;39m | [1;32mcom.springboot.keyan.mapper.TeammemberMapper.selectOne[0;39m | ==>  Preparing: SELECT teamid,searchresults,searchinfo,phonenum,audituserid,opinion,meminfo,memname,searchdir,searchbg,state,updatetime,job,memid FROM teammember WHERE (memid = ?) 
2024-12-27 13:14:09 | [39mDEBUG[0;39m | [1;33mXNIO-2 task-86[0;39m | [1;32mcom.springboot.keyan.mapper.TeammemberMapper.selectOne[0;39m | ==> Parameters: 7(Integer)
2024-12-27 13:14:09 | [39mDEBUG[0;39m | [1;33mXNIO-2 task-86[0;39m | [1;32mcom.springboot.keyan.mapper.TeammemberMapper.selectOne[0;39m | <==      Total: 1
2024-12-27 13:18:34 | [34mINFO [0;39m | [1;33mmain[0;39m | [1;32mcom.springboot.keyan.KeyanApplication[0;39m | Starting KeyanApplication on dzy with PID 28004 (D:\javaprojectinfp\keyan-master\target\classes started by 34116 in D:\javaprojectinfp\keyan-master)
2024-12-27 13:18:34 | [34mINFO [0;39m | [1;33mmain[0;39m | [1;32mcom.springboot.keyan.KeyanApplication[0;39m | The following profiles are active: dev
2024-12-27 13:18:35 | [34mINFO [0;39m | [1;33mmain[0;39m | [1;32mcom.springboot.keyan.KeyanApplication[0;39m | Started KeyanApplication in 1.713 seconds (JVM running for 2.379)
